Build started 05/11/2021 22:39:50.
Logging verbosity is set to: Normal.     1>Project "P:\C\cmdline\drivercmdline_c\drivercmdline_c.vcxproj" on node 4 (Build target(s)).
     1>InitializeBuildStatus:
         Creating "x64\Release\drivercmdline_c.tlog\unsuccessfulbuild" because "AlwaysCreate" was specified.
       ClCompile:
         All outputs are up-to-date.
       Link:
         C:\Program Files (x86)\Microsoft Visual Studio\2019\Community\VC\Tools\MSVC\14.29.30133\bin\HostX86\x64\link.exe /ERRORREPORT:PROMPT /OUT:"P:\C\cmdline\x64\Release\drivercmdline_c.exe" /INCREMENTAL:NO /NOLOGO kernel32.lib user32.lib gdi32.lib winspool.lib comdlg32.lib advapi32.lib shell32.lib ole32.lib oleaut32.lib uuid.lib odbc32.lib odbccp32.lib /MANIFEST /MANIFESTUAC:"level='asInvoker' uiAccess='false'" /manifest:embed /DEBUG /PDB:"P:\C\cmdline\x64\Release\drivercmdline_c.pdb" /SUBSYSTEM:CONSOLE /OPT:REF /OPT:ICF /LTCG:incremental /LTCGOUT:"x64\Release\drivercmdline_c.iobj" /TLBID:1 /DYNAMICBASE /NXCOMPAT /IMPLIB:"P:\C\cmdline\x64\Release\drivercmdline_c.lib" /MACHINE:X64 x64\Release\drivercmdline_c.obj
         P:\C\cmdline\libs\libcmdline64.lib
         Generating code
         Previous IPDB and IOBJ mismatch, fall back to full compilation.
         All 2730 functions were compiled because no usable IPDB/IOBJ from previous compilation was found.
         Finished generating code
         drivercmdline_c.vcxproj -> P:\C\cmdline\x64\Release\drivercmdline_c.exe
       FinalizeBuildStatus:
         Deleting file "x64\Release\drivercmdline_c.tlog\unsuccessfulbuild".
         Touching "x64\Release\drivercmdline_c.tlog\drivercmdline_c.lastbuildstate".
     1>Done Building Project "P:\C\cmdline\drivercmdline_c\drivercmdline_c.vcxproj" (Build target(s)).

Build succeeded.
    0 Warning(s)
    0 Error(s)

Time Elapsed 00:00:01.04
