Build started 05/11/2021 2:07:13.
Logging verbosity is set to: Normal.     1>Project "P:\C\cmdline\drivercmdline_c\drivercmdline_c.vcxproj" on node 3 (Rebuild target(s)).
     1>PrepareForBuild:
         Creating directory "Release\drivercmdline_c.tlog\".
       InitializeBuildStatus:
         Creating "Release\drivercmdline_c.tlog\unsuccessfulbuild" because "AlwaysCreate" was specified.
       ClCompile:
         C:\Program Files (x86)\Microsoft Visual Studio\2019\Community\VC\Tools\MSVC\14.29.30133\bin\HostX86\x86\CL.exe /c /Zi /nologo /W3 /WX- /diagnostics:column /sdl /O2 /Oi /Oy- /GL /D WIN32 /D NDEBUG /D _CONSOLE /D _UNICODE /D UNICODE /Gm- /EHsc /MD /GS /Gy /fp:precise /permissive- /Zc:wchar_t /Zc:forScope /Zc:inline /Fo"Release\\" /Fd"Release\vc142.pdb" /external:W3 /Gd /TC /analyze- /FC /errorReport:prompt drivercmdline_c.c
         drivercmdline_c.c
     1>P:\C\cmdline\drivercmdline_c\drivercmdline_c.c(14,1): warning C4047: 'initializing': 'Flag **' differs in levels of indirection from 'Flag *'
       Link:
         C:\Program Files (x86)\Microsoft Visual Studio\2019\Community\VC\Tools\MSVC\14.29.30133\bin\HostX86\x86\link.exe /ERRORREPORT:PROMPT /OUT:"P:\C\cmdline\Release\drivercmdline_c.exe" /INCREMENTAL:NO /NOLOGO kernel32.lib user32.lib gdi32.lib winspool.lib comdlg32.lib advapi32.lib shell32.lib ole32.lib oleaut32.lib uuid.lib odbc32.lib odbccp32.lib /MANIFEST /MANIFESTUAC:"level='asInvoker' uiAccess='false'" /manifest:embed /DEBUG /PDB:"P:\C\cmdline\Release\drivercmdline_c.pdb" /SUBSYSTEM:CONSOLE /OPT:REF /OPT:ICF /LTCG:incremental /LTCGOUT:"Release\drivercmdline_c.iobj" /TLBID:1 /DYNAMICBASE /NXCOMPAT /IMPLIB:"P:\C\cmdline\Release\drivercmdline_c.lib" /MACHINE:X86 /SAFESEH Release\drivercmdline_c.obj
         P:\C\cmdline\libs\libcmdline32.lib.lib
         Generating code
         Previous IPDB not found, fall back to full compilation.
         All 2438 functions were compiled because no usable IPDB/IOBJ from previous compilation was found.
         Finished generating code
         drivercmdline_c.vcxproj -> P:\C\cmdline\Release\drivercmdline_c.exe
       FinalizeBuildStatus:
         Deleting file "Release\drivercmdline_c.tlog\unsuccessfulbuild".
         Touching "Release\drivercmdline_c.tlog\drivercmdline_c.lastbuildstate".
     1>Done Building Project "P:\C\cmdline\drivercmdline_c\drivercmdline_c.vcxproj" (Rebuild target(s)).

Build succeeded.

       "P:\C\cmdline\drivercmdline_c\drivercmdline_c.vcxproj" (Rebuild target) (1) ->
       (ClCompile target) -> 
         P:\C\cmdline\drivercmdline_c\drivercmdline_c.c(14,1): warning C4047: 'initializing': 'Flag **' differs in levels of indirection from 'Flag *'

    1 Warning(s)
    0 Error(s)

Time Elapsed 00:00:01.75
