Build started 22/10/2021 18:19:30.
Logging verbosity is set to: Normal.     1>Project "P:\C\cmdline\cmdline\cmdline.vcxproj" on node 2 (Rebuild target(s)).
     1>_PrepareForClean:
         Deleting file "Debug\cmdline.tlog\cmdline.lastbuildstate".
       InitializeBuildStatus:
         Creating "Debug\cmdline.tlog\unsuccessfulbuild" because "AlwaysCreate" was specified.
       ClCompile:
         C:\Program Files (x86)\Microsoft Visual Studio\2019\Community\VC\Tools\MSVC\14.29.30133\bin\HostX86\x86\CL.exe /c /ZI /JMC /nologo /W3 /WX- /diagnostics:column /sdl /Od /Oy- /D WIN32 /D _DEBUG /D _LIB /D _UNICODE /D UNICODE /Gm- /EHsc /RTC1 /MDd /GS /fp:precise /permissive- /Zc:wchar_t /Zc:forScope /Zc:inline /std:c++20 /Fo"Debug\\" /Fd"P:\C\cmdline\Debug\cmdline.pdb" /external:W3 /Gd /TP /analyze- /FC /errorReport:prompt commandline.cpp doc_cmdline.cpp parameter_tree.cpp tools.cpp validations.cpp
         commandline.cpp
         doc_cmdline.cpp
         parameter_tree.cpp
         tools.cpp
         validations.cpp
     1>P:\C\cmdline\cmdline\validations.cpp(35,26): warning C4101: 'sz': unreferenced local variable
     1>P:\C\cmdline\cmdline\validations.cpp(78,23): warning C4129: 'w': unrecognized character escape sequence
     1>P:\C\cmdline\cmdline\validations.cpp(90,15): warning C4101: 'info': unreferenced local variable
         Generating Code...
       Lib:
         C:\Program Files (x86)\Microsoft Visual Studio\2019\Community\VC\Tools\MSVC\14.29.30133\bin\HostX86\x86\Lib.exe /OUT:"P:\C\cmdline\Debug\cmdline.lib" /NOLOGO /MACHINE:X86 Debug\commandline.obj
         Debug\doc_cmdline.obj
         Debug\parameter_tree.obj
         Debug\tools.obj
         Debug\validations.obj
         cmdline.vcxproj -> P:\C\cmdline\Debug\cmdline.lib
       FinalizeBuildStatus:
         Deleting file "Debug\cmdline.tlog\unsuccessfulbuild".
         Touching "Debug\cmdline.tlog\cmdline.lastbuildstate".
     1>Done Building Project "P:\C\cmdline\cmdline\cmdline.vcxproj" (Rebuild target(s)).

Build succeeded.

       "P:\C\cmdline\cmdline\cmdline.vcxproj" (Rebuild target) (1) ->
       (ClCompile target) -> 
         P:\C\cmdline\cmdline\validations.cpp(35,26): warning C4101: 'sz': unreferenced local variable
         P:\C\cmdline\cmdline\validations.cpp(78,23): warning C4129: 'w': unrecognized character escape sequence
         P:\C\cmdline\cmdline\validations.cpp(90,15): warning C4101: 'info': unreferenced local variable

    3 Warning(s)
    0 Error(s)

Time Elapsed 00:00:04.01
