Build started 05/11/2021 22:39:48.
Logging verbosity is set to: Normal.     1>Project "P:\C\cmdline\libcmdline\libcmdline.vcxproj" on node 2 (Build target(s)).
     1>InitializeBuildStatus:
         Creating "x64\Release\libcmdline.tlog\unsuccessfulbuild" because "AlwaysCreate" was specified.
       ClCompile:
         C:\Program Files (x86)\Microsoft Visual Studio\2019\Community\VC\Tools\MSVC\14.29.30133\bin\HostX86\x64\CL.exe /c /Zi /nologo /W3 /WX- /diagnostics:column /sdl /Od /GL /D NDEBUG /D _LIB /D _UNICODE /D UNICODE /Gm- /EHsc /MD /GS /Gy /fp:precise /permissive- /Zc:wchar_t /Zc:forScope /Zc:inline /std:c++20 /Fo"x64\Release\\" /Fd"P:\C\cmdline\\libs\libcmdline64.pdb" /external:W3 /Gd /TP /FC /errorReport:prompt src\argument.cpp
         argument.cpp
       Lib:
         C:\Program Files (x86)\Microsoft Visual Studio\2019\Community\VC\Tools\MSVC\14.29.30133\bin\HostX86\x64\Lib.exe /OUT:"P:\C\cmdline\\libs\libcmdline64.lib" /NOLOGO /MACHINE:X64 /LTCG x64\Release\interface.obj
         x64\Release\argument.obj
         x64\Release\cmdline.obj
         x64\Release\cmdline_exceptions.obj
         x64\Release\cmdline_flavors.obj
         x64\Release\commandline.obj
         x64\Release\parameter_tree.obj
         x64\Release\parm.obj
         x64\Release\tools.obj
         x64\Release\validations.obj
         libcmdline.vcxproj -> P:\C\cmdline\libs\libcmdline64.lib
       FinalizeBuildStatus:
         Deleting file "x64\Release\libcmdline.tlog\unsuccessfulbuild".
         Touching "x64\Release\libcmdline.tlog\libcmdline.lastbuildstate".
     1>Done Building Project "P:\C\cmdline\libcmdline\libcmdline.vcxproj" (Build target(s)).

Build succeeded.
    0 Warning(s)
    0 Error(s)

Time Elapsed 00:00:01.65
